<?xml version="1.0" encoding="UTF-8"?>
<!-- Generated by org.testng.reporters.JUnitReportReporter -->
<testsuite hostname="vinicius-Aspire-ES1-572" failures="0" tests="1" name="com.vinicius.teste.GuruTestRegister" time="7.736" errors="0" timestamp="21 abr 2020 18:32:33 GMT" skipped="0">
  <testcase classname="com.vinicius.teste.GuruTestRegister" name="loginSucesso" time="7.736"/>
</testsuite> <!-- com.vinicius.teste.GuruTestRegister -->
