<?xml version="1.0" encoding="UTF-8"?>
<!-- Generated by org.testng.reporters.JUnitReportReporter -->
<testsuite hostname="vinicius-Aspire-ES1-572" failures="0" tests="1" name="com.thiago.teste.GuruTest" time="5.998" errors="0" timestamp="18 abr 2020 16:55:30 GMT" skipped="0">
  <testcase classname="com.thiago.teste.GuruTest" name="loginSucesso" time="5.998"/>
</testsuite> <!-- com.thiago.teste.GuruTest -->
